This is pdfTeX, Version 3.141592653-2.6-1.40.23 (TeX Live 2021/W32TeX) (preloaded format=pdflatex 2021.9.17)  22 FEB 2023 16:19
entering extended mode
 restricted \write18 enabled.
 %&-line parsing enabled.
**ProjectReport.tex
(./ProjectReport.tex
LaTeX2e <2021-06-01> patch level 1
L3 programming layer <2021-08-27>
(c:/Users/cav3/AppData/Roaming/TinyTeX/texmf-dist/tex/latex/base/article.cls
Document Class: article 2021/02/12 v1.4n Standard LaTeX document class
(c:/Users/cav3/AppData/Roaming/TinyTeX/texmf-dist/tex/latex/base/size10.clo
File: size10.clo 2021/02/12 v1.4n Standard LaTeX file (size option)
)
\c@part=\count182
\c@section=\count183
\c@subsection=\count184
\c@subsubsection=\count185
\c@paragraph=\count186
\c@subparagraph=\count187
\c@figure=\count188
\c@table=\count189
\abovecaptionskip=\skip47
\belowcaptionskip=\skip48
\bibindent=\dimen138
)
(c:/Users/cav3/AppData/Roaming/TinyTeX/texmf-dist/tex/latex/graphics/graphicx.s
ty
Package: graphicx 2020/12/05 v1.2c Enhanced LaTeX Graphics (DPC,SPQR)

(c:/Users/cav3/AppData/Roaming/TinyTeX/texmf-dist/tex/latex/graphics/keyval.sty
Package: keyval 2014/10/28 v1.15 key=value parser (DPC)
\KV@toks@=\toks16
)
(c:/Users/cav3/AppData/Roaming/TinyTeX/texmf-dist/tex/latex/graphics/graphics.s
ty
Package: graphics 2021/03/04 v1.4d Standard LaTeX Graphics (DPC,SPQR)

(c:/Users/cav3/AppData/Roaming/TinyTeX/texmf-dist/tex/latex/graphics/trig.sty
Package: trig 2016/01/03 v1.10 sin cos tan (DPC)
)
(c:/Users/cav3/AppData/Roaming/TinyTeX/texmf-dist/tex/latex/graphics-cfg/graphi
cs.cfg
File: graphics.cfg 2016/06/04 v1.11 sample graphics configuration
)
Package graphics Info: Driver file: pdftex.def on input line 107.

(c:/Users/cav3/AppData/Roaming/TinyTeX/texmf-dist/tex/latex/graphics-def/pdftex
.def
File: pdftex.def 2020/10/05 v1.2a Graphics/color driver for pdftex
))
\Gin@req@height=\dimen139
\Gin@req@width=\dimen140
)
(c:/Users/cav3/AppData/Roaming/TinyTeX/texmf-dist/tex/latex/graphics/color.sty
Package: color 2020/02/24 v1.2b Standard LaTeX Color (DPC)

(c:/Users/cav3/AppData/Roaming/TinyTeX/texmf-dist/tex/latex/graphics-cfg/color.
cfg
File: color.cfg 2016/01/02 v1.6 sample color configuration
)
Package color Info: Driver file: pdftex.def on input line 149.
)
(c:/Users/cav3/AppData/Roaming/TinyTeX/texmf-dist/tex/latex/framed/framed.sty
Package: framed 2011/10/22 v 0.96: framed or shaded text with page breaks
\OuterFrameSep=\skip49
\fb@frw=\dimen141
\fb@frh=\dimen142
\FrameRule=\dimen143
\FrameSep=\dimen144
)
(c:/Users/cav3/AppData/Roaming/TinyTeX/texmf-dist/tex/latex/base/alltt.sty
Package: alltt 2021/01/29 v2.0g defines alltt environment
)
(c:/Users/cav3/AppData/Roaming/TinyTeX/texmf-dist/tex/latex/geometry/geometry.s
ty
Package: geometry 2020/01/02 v5.9 Page Geometry

(c:/Users/cav3/AppData/Roaming/TinyTeX/texmf-dist/tex/generic/iftex/ifvtex.sty
Package: ifvtex 2019/10/25 v1.7 ifvtex legacy package. Use iftex instead.

(c:/Users/cav3/AppData/Roaming/TinyTeX/texmf-dist/tex/generic/iftex/iftex.sty
Package: iftex 2020/03/06 v1.0d TeX engine tests
))
\Gm@cnth=\count190
\Gm@cntv=\count191
\c@Gm@tempcnt=\count192
\Gm@bindingoffset=\dimen145
\Gm@wd@mp=\dimen146
\Gm@odd@mp=\dimen147
\Gm@even@mp=\dimen148
\Gm@layoutwidth=\dimen149
\Gm@layoutheight=\dimen150
\Gm@layouthoffset=\dimen151
\Gm@layoutvoffset=\dimen152
\Gm@dimlist=\toks17
)
(c:/Users/cav3/AppData/Roaming/TinyTeX/texmf-dist/tex/latex/amsmath/amsmath.sty
Package: amsmath 2021/04/20 v2.17j AMS math features
\@mathmargin=\skip50
For additional information on amsmath, use the `?' option.

(c:/Users/cav3/AppData/Roaming/TinyTeX/texmf-dist/tex/latex/amsmath/amstext.sty
Package: amstext 2000/06/29 v2.01 AMS text
(c:/Users/cav3/AppData/Roaming/TinyTeX/texmf-dist/tex/latex/amsmath/amsgen.sty
File: amsgen.sty 1999/11/30 v2.0 generic functions
\@emptytoks=\toks18
\ex@=\dimen153
))
(c:/Users/cav3/AppData/Roaming/TinyTeX/texmf-dist/tex/latex/amsmath/amsbsy.sty
Package: amsbsy 1999/11/29 v1.2d Bold Symbols
\pmbraise@=\dimen154
) (c:/Users/cav3/AppData/Roaming/TinyTeX/texmf-dist/tex/latex/amsmath/amsopn.st
y
Package: amsopn 2016/03/08 v2.02 operator names
)
\inf@bad=\count193
LaTeX Info: Redefining \frac on input line 234.
\uproot@=\count194
\leftroot@=\count195
LaTeX Info: Redefining \overline on input line 399.
\classnum@=\count196
\DOTSCASE@=\count197
LaTeX Info: Redefining \ldots on input line 496.
LaTeX Info: Redefining \dots on input line 499.
LaTeX Info: Redefining \cdots on input line 620.
\Mathstrutbox@=\box50
\strutbox@=\box51
\big@size=\dimen155
LaTeX Font Info:    Redeclaring font encoding OML on input line 743.
LaTeX Font Info:    Redeclaring font encoding OMS on input line 744.
\macc@depth=\count198
\c@MaxMatrixCols=\count199
\dotsspace@=\muskip16
\c@parentequation=\count266
\dspbrk@lvl=\count267
\tag@help=\toks19
\row@=\count268
\column@=\count269
\maxfields@=\count270
\andhelp@=\toks20
\eqnshift@=\dimen156
\alignsep@=\dimen157
\tagshift@=\dimen158
\tagwidth@=\dimen159
\totwidth@=\dimen160
\lineht@=\dimen161
\@envbody=\toks21
\multlinegap=\skip51
\multlinetaggap=\skip52
\mathdisplay@stack=\toks22
LaTeX Info: Redefining \[ on input line 2923.
LaTeX Info: Redefining \] on input line 2924.
)
(c:/Users/cav3/AppData/Roaming/TinyTeX/texmf-dist/tex/latex/hyperref/hyperref.s
ty
Package: hyperref 2021-06-07 v7.00m Hypertext links for LaTeX

(c:/Users/cav3/AppData/Roaming/TinyTeX/texmf-dist/tex/generic/ltxcmds/ltxcmds.s
ty
Package: ltxcmds 2020-05-10 v1.25 LaTeX kernel commands for general use (HO)
)
(c:/Users/cav3/AppData/Roaming/TinyTeX/texmf-dist/tex/generic/pdftexcmds/pdftex
cmds.sty
Package: pdftexcmds 2020-06-27 v0.33 Utility functions of pdfTeX for LuaTeX (HO
)

(c:/Users/cav3/AppData/Roaming/TinyTeX/texmf-dist/tex/generic/infwarerr/infware
rr.sty
Package: infwarerr 2019/12/03 v1.5 Providing info/warning/error messages (HO)
)
Package pdftexcmds Info: \pdf@primitive is available.
Package pdftexcmds Info: \pdf@ifprimitive is available.
Package pdftexcmds Info: \pdfdraftmode found.
)
(c:/Users/cav3/AppData/Roaming/TinyTeX/texmf-dist/tex/generic/kvsetkeys/kvsetke
ys.sty
Package: kvsetkeys 2019/12/15 v1.18 Key value parser (HO)
)
(c:/Users/cav3/AppData/Roaming/TinyTeX/texmf-dist/tex/generic/kvdefinekeys/kvde
finekeys.sty
Package: kvdefinekeys 2019-12-19 v1.6 Define keys (HO)
)
(c:/Users/cav3/AppData/Roaming/TinyTeX/texmf-dist/tex/generic/pdfescape/pdfesca
pe.sty
Package: pdfescape 2019/12/09 v1.15 Implements pdfTeX's escape features (HO)
)
(c:/Users/cav3/AppData/Roaming/TinyTeX/texmf-dist/tex/latex/hycolor/hycolor.sty
Package: hycolor 2020-01-27 v1.10 Color options for hyperref/bookmark (HO)
)
(c:/Users/cav3/AppData/Roaming/TinyTeX/texmf-dist/tex/latex/letltxmacro/letltxm
acro.sty
Package: letltxmacro 2019/12/03 v1.6 Let assignment for LaTeX macros (HO)
)
(c:/Users/cav3/AppData/Roaming/TinyTeX/texmf-dist/tex/latex/auxhook/auxhook.sty
Package: auxhook 2019-12-17 v1.6 Hooks for auxiliary files (HO)
)
(c:/Users/cav3/AppData/Roaming/TinyTeX/texmf-dist/tex/latex/kvoptions/kvoptions
.sty
Package: kvoptions 2020-10-07 v3.14 Key value format for package options (HO)
)
\@linkdim=\dimen162
\Hy@linkcounter=\count271
\Hy@pagecounter=\count272

(c:/Users/cav3/AppData/Roaming/TinyTeX/texmf-dist/tex/latex/hyperref/pd1enc.def
File: pd1enc.def 2021-06-07 v7.00m Hyperref: PDFDocEncoding definition (HO)
Now handling font encoding PD1 ...
... no UTF-8 mapping file for font encoding PD1
)
(c:/Users/cav3/AppData/Roaming/TinyTeX/texmf-dist/tex/latex/hyperref/hyperref-l
angpatches.def
File: hyperref-langpatches.def 2021-06-07 v7.00m Hyperref: patches for babel la
nguages
)
(c:/Users/cav3/AppData/Roaming/TinyTeX/texmf-dist/tex/generic/intcalc/intcalc.s
ty
Package: intcalc 2019/12/15 v1.3 Expandable calculations with integers (HO)
)
(c:/Users/cav3/AppData/Roaming/TinyTeX/texmf-dist/tex/generic/etexcmds/etexcmds
.sty
Package: etexcmds 2019/12/15 v1.7 Avoid name clashes with e-TeX commands (HO)
)
\Hy@SavedSpaceFactor=\count273

(c:/Users/cav3/AppData/Roaming/TinyTeX/texmf-dist/tex/latex/hyperref/puenc.def
File: puenc.def 2021-06-07 v7.00m Hyperref: PDF Unicode definition (HO)
Now handling font encoding PU ...
... no UTF-8 mapping file for font encoding PU
)
Package hyperref Info: Hyper figures OFF on input line 4192.
Package hyperref Info: Link nesting OFF on input line 4197.
Package hyperref Info: Hyper index ON on input line 4200.
Package hyperref Info: Plain pages OFF on input line 4207.
Package hyperref Info: Backreferencing OFF on input line 4212.
Package hyperref Info: Implicit mode ON; LaTeX internals redefined.
Package hyperref Info: Bookmarks ON on input line 4445.
\c@Hy@tempcnt=\count274
(c:/Users/cav3/AppData/Roaming/TinyTeX/texmf-dist/tex/latex/url/url.sty
\Urlmuskip=\muskip17
Package: url 2013/09/16  ver 3.4  Verb mode for urls, etc.
)
LaTeX Info: Redefining \url on input line 4804.
\XeTeXLinkMargin=\dimen163

(c:/Users/cav3/AppData/Roaming/TinyTeX/texmf-dist/tex/generic/bitset/bitset.sty
Package: bitset 2019/12/09 v1.3 Handle bit-vector datatype (HO)

(c:/Users/cav3/AppData/Roaming/TinyTeX/texmf-dist/tex/generic/bigintcalc/bigint
calc.sty
Package: bigintcalc 2019/12/15 v1.5 Expandable calculations on big integers (HO
)
))
\Fld@menulength=\count275
\Field@Width=\dimen164
\Fld@charsize=\dimen165
Package hyperref Info: Hyper figures OFF on input line 6076.
Package hyperref Info: Link nesting OFF on input line 6081.
Package hyperref Info: Hyper index ON on input line 6084.
Package hyperref Info: backreferencing OFF on input line 6091.
Package hyperref Info: Link coloring OFF on input line 6096.
Package hyperref Info: Link coloring with OCG OFF on input line 6101.
Package hyperref Info: PDF/A mode OFF on input line 6106.
LaTeX Info: Redefining \ref on input line 6146.
LaTeX Info: Redefining \pageref on input line 6150.

(c:/Users/cav3/AppData/Roaming/TinyTeX/texmf-dist/tex/latex/base/atbegshi-ltx.s
ty
Package: atbegshi-ltx 2021/01/10 v1.0c Emulation of the original atbegshi
package with kernel methods
)
\Hy@abspage=\count276
\c@Item=\count277
\c@Hfootnote=\count278
)
Package hyperref Info: Driver (autodetected): hpdftex.

(c:/Users/cav3/AppData/Roaming/TinyTeX/texmf-dist/tex/latex/hyperref/hpdftex.de
f
File: hpdftex.def 2021-06-07 v7.00m Hyperref driver for pdfTeX

(c:/Users/cav3/AppData/Roaming/TinyTeX/texmf-dist/tex/latex/base/atveryend-ltx.
sty
Package: atveryend-ltx 2020/08/19 v1.0a Emulation of the original atvery packag
e
with kernel methods
)
\Fld@listcount=\count279
\c@bookmark@seq@number=\count280

(c:/Users/cav3/AppData/Roaming/TinyTeX/texmf-dist/tex/latex/rerunfilecheck/reru
nfilecheck.sty
Package: rerunfilecheck 2019/12/05 v1.9 Rerun checks for auxiliary files (HO)

(c:/Users/cav3/AppData/Roaming/TinyTeX/texmf-dist/tex/generic/uniquecounter/uni
quecounter.sty
Package: uniquecounter 2019/12/15 v1.4 Provide unlimited unique counter (HO)
)
Package uniquecounter Info: New unique counter `rerunfilecheck' on input line 2
86.
)
\Hy@SectionHShift=\skip53
)
(c:/Users/cav3/AppData/Roaming/TinyTeX/texmf-dist/tex/latex/float/float.sty
Package: float 2001/11/08 v1.3d Float enhancements (AL)
\c@float@type=\count281
\float@exts=\toks23
\float@box=\box52
\@float@everytoks=\toks24
\@floatcapt=\box53
)
(c:/Users/cav3/AppData/Roaming/TinyTeX/texmf-dist/tex/latex/l3backend/l3backend
-pdftex.def
File: l3backend-pdftex.def 2021-08-04 L3 backend support: PDF output (pdfTeX)
\l__color_backend_stack_int=\count282
\l__pdf_internal_box=\box54
) (./ProjectReport.aux)
\openout1 = `ProjectReport.aux'.

LaTeX Font Info:    Checking defaults for OML/cmm/m/it on input line 61.
LaTeX Font Info:    ... okay on input line 61.
LaTeX Font Info:    Checking defaults for OMS/cmsy/m/n on input line 61.
LaTeX Font Info:    ... okay on input line 61.
LaTeX Font Info:    Checking defaults for OT1/cmr/m/n on input line 61.
LaTeX Font Info:    ... okay on input line 61.
LaTeX Font Info:    Checking defaults for T1/cmr/m/n on input line 61.
LaTeX Font Info:    ... okay on input line 61.
LaTeX Font Info:    Checking defaults for TS1/cmr/m/n on input line 61.
LaTeX Font Info:    ... okay on input line 61.
LaTeX Font Info:    Checking defaults for OMX/cmex/m/n on input line 61.
LaTeX Font Info:    ... okay on input line 61.
LaTeX Font Info:    Checking defaults for U/cmr/m/n on input line 61.
LaTeX Font Info:    ... okay on input line 61.
LaTeX Font Info:    Checking defaults for PD1/pdf/m/n on input line 61.
LaTeX Font Info:    ... okay on input line 61.
LaTeX Font Info:    Checking defaults for PU/pdf/m/n on input line 61.
LaTeX Font Info:    ... okay on input line 61.

(c:/Users/cav3/AppData/Roaming/TinyTeX/texmf-dist/tex/latex/epstopdf-pkg/epstop
df-base.sty
Package: epstopdf-base 2020-01-24 v2.11 Base part for package epstopdf
Package epstopdf-base Info: Redefining graphics rule for `.eps' on input line 4
85.

(c:/Users/cav3/AppData/Roaming/TinyTeX/texmf-dist/tex/latex/latexconfig/epstopd
f-sys.cfg
File: epstopdf-sys.cfg 2010/07/13 v1.3 Configuration of (r)epstopdf for TeX Liv
e
))
*geometry* driver: auto-detecting
*geometry* detected driver: pdftex
*geometry* verbose mode - [ preamble ] result:
* driver: pdftex
* paper: <default>
* layout: <same size as paper>
* layoutoffset:(h,v)=(0.0pt,0.0pt)
* modes: 
* h-part:(L,W,R)=(72.26999pt, 469.75502pt, 72.26999pt)
* v-part:(T,H,B)=(72.26999pt, 650.43001pt, 72.26999pt)
* \paperwidth=614.295pt
* \paperheight=794.96999pt
* \textwidth=469.75502pt
* \textheight=650.43001pt
* \oddsidemargin=0.0pt
* \evensidemargin=0.0pt
* \topmargin=-37.0pt
* \headheight=12.0pt
* \headsep=25.0pt
* \topskip=10.0pt
* \footskip=30.0pt
* \marginparwidth=65.0pt
* \marginparsep=11.0pt
* \columnsep=10.0pt
* \skip\footins=9.0pt plus 4.0pt minus 2.0pt
* \hoffset=0.0pt
* \voffset=0.0pt
* \mag=1000
* \@twocolumnfalse
* \@twosidefalse
* \@mparswitchfalse
* \@reversemarginfalse
* (1in=72.27pt=25.4mm, 1cm=28.453pt)

Package hyperref Info: Link coloring OFF on input line 61.

(c:/Users/cav3/AppData/Roaming/TinyTeX/texmf-dist/tex/latex/hyperref/nameref.st
y
Package: nameref 2021-04-02 v2.47 Cross-referencing by name of section

(c:/Users/cav3/AppData/Roaming/TinyTeX/texmf-dist/tex/latex/refcount/refcount.s
ty
Package: refcount 2019/12/15 v3.6 Data extraction from label references (HO)
)
(c:/Users/cav3/AppData/Roaming/TinyTeX/texmf-dist/tex/generic/gettitlestring/ge
ttitlestring.sty
Package: gettitlestring 2019/12/15 v1.6 Cleanup title references (HO)
)
\c@section@level=\count283
)
LaTeX Info: Redefining \ref on input line 61.
LaTeX Info: Redefining \pageref on input line 61.
LaTeX Info: Redefining \nameref on input line 61.
 (./ProjectReport.out) (./ProjectReport.out)
\@outlinefile=\write3
\openout3 = `ProjectReport.out'.


(./ProjectReport.toc)
\tf@toc=\write4
\openout4 = `ProjectReport.toc'.

 [1

{c:/Users/cav3/AppData/Roaming/TinyTeX/texmf-var/fonts/map/pdftex/updmap/pdftex
.map}]
Package color Info: Redefining color shadecolor on input line 87.
<figure/plot1-1.pdf, id=46, 505.89pt x 361.35pt>
File: figure/plot1-1.pdf Graphic file (type pdf)
<use figure/plot1-1.pdf>
Package pdftex.def Info: figure/plot1-1.pdf  used on input line 88.
(pdftex.def)             Requested size: 469.75502pt x 335.54477pt.
 [2]
Package color Info: Redefining color shadecolor on input line 101.
<figure/plot2-1.pdf, id=53, 505.89pt x 361.35pt>
File: figure/plot2-1.pdf Graphic file (type pdf)
<use figure/plot2-1.pdf>
Package pdftex.def Info: figure/plot2-1.pdf  used on input line 102.
(pdftex.def)             Requested size: 469.75502pt x 335.54477pt.
 [3pdfTeX warning (ext4): destination with the same identifier (name{figure.1})
 has been already used, duplicate ignored
<argument> ...shipout:D \box_use:N \l_shipout_box 
                                                  \__shipout_drop_firstpage_...
l.107 
       <./figure/plot1-1.pdf>]
Package color Info: Redefining color shadecolor on input line 128.
<figure/plot3-1.pdf, id=65, 578.16pt x 361.35pt>
File: figure/plot3-1.pdf Graphic file (type pdf)
<use figure/plot3-1.pdf>
Package pdftex.def Info: figure/plot3-1.pdf  used on input line 129.
(pdftex.def)             Requested size: 469.75502pt x 293.59616pt.
 [4pdfTeX warning (ext4): destination with the same identifier (name{figure.2})
 has been already used, duplicate ignored
<argument> ...shipout:D \box_use:N \l_shipout_box 
                                                  \__shipout_drop_firstpage_...
l.134 
       <./figure/plot2-1.pdf>]
Package color Info: Redefining color shadecolor on input line 147.
<figure/plot4-1.pdf, id=78, 578.16pt x 361.35pt>
File: figure/plot4-1.pdf Graphic file (type pdf)
<use figure/plot4-1.pdf>
Package pdftex.def Info: figure/plot4-1.pdf  used on input line 148.
(pdftex.def)             Requested size: 469.75502pt x 293.59616pt.
 [5pdfTeX warning (ext4): destination with the same identifier (name{figure.3})
 has been already used, duplicate ignored
<argument> ...shipout:D \box_use:N \l_shipout_box 
                                                  \__shipout_drop_firstpage_...
l.153 
       <./figure/plot3-1.pdf>] [6pdfTeX warning (ext4): destination with the sa
me identifier (name{figure.4}) has been already used, duplicate ignored
<argument> ...shipout:D \box_use:N \l_shipout_box 
                                                  \__shipout_drop_firstpage_...
l.154 \end{document}
                     <./figure/plot4-1.pdf>] (./ProjectReport.aux)
Package rerunfilecheck Info: File `ProjectReport.out' has not changed.
(rerunfilecheck)             Checksum: E0F59D5A03F83887E683D0DDD0BF44D4;1205.
 ) 
Here is how much of TeX's memory you used:
 8891 strings out of 480559
 133722 string characters out of 5901528
 441479 words of memory out of 5000000
 26381 multiletter control sequences out of 15000+600000
 408813 words of font info for 46 fonts, out of 8000000 for 9000
 14 hyphenation exceptions out of 8191
 60i,7n,66p,696b,328s stack positions out of 5000i,500n,10000p,200000b,80000s
<c:/Users/cav3/AppData/Roaming/TinyTeX/texmf-dist/fonts/type1/public/amsfonts
/cm/cmbx10.pfb><c:/Users/cav3/AppData/Roaming/TinyTeX/texmf-dist/fonts/type1/pu
blic/amsfonts/cm/cmbx12.pfb><c:/Users/cav3/AppData/Roaming/TinyTeX/texmf-dist/f
onts/type1/public/amsfonts/cm/cmr10.pfb><c:/Users/cav3/AppData/Roaming/TinyTeX/
texmf-dist/fonts/type1/public/amsfonts/cm/cmr12.pfb><c:/Users/cav3/AppData/Roam
ing/TinyTeX/texmf-dist/fonts/type1/public/amsfonts/cm/cmr17.pfb>
Output written on ProjectReport.pdf (6 pages, 2441995 bytes).
PDF statistics:
 129 PDF objects out of 1000 (max. 8388607)
 101 compressed objects within 2 object streams
 18 named destinations out of 1000 (max. 500000)
 69 words of extra memory for PDF output out of 10000 (max. 10000000)

